#
# There is insufficient memory for the Java Runtime Environment to continue.
# Native memory allocation (mmap) failed to map 117440512 bytes. Error detail: G1 virtual space
# Possible reasons:
#   The system is out of physical RAM or swap space
#   This process is running with CompressedOops enabled, and the Java Heap may be blocking the growth of the native heap
# Possible solutions:
#   Reduce memory load on the system
#   Increase physical memory or swap space
#   Check if swap backing store is full
#   Decrease Java heap size (-Xmx/-Xms)
#   Decrease number of Java threads
#   Decrease Java thread stack sizes (-Xss)
#   Set larger code cache with -XX:ReservedCodeCacheSize=
#   JVM is running with Unscaled Compressed Oops mode in which the Java heap is
#     placed in the first 4GB address space. The Java Heap base address is the
#     maximum limit for the native heap growth. Please use -XX:HeapBaseMinAddress
#     to set the Java Heap base and to place the Java Heap above 4GB virtual address.
# This output file may be truncated or incomplete.
#
#  Out of Memory Error (os_windows.cpp:3825), pid=14444, tid=23360
#
# JRE version:  (17.0.11) (build )
# Java VM: OpenJDK 64-Bit Server VM (17.0.11+0--11852314, mixed mode, sharing, tiered, compressed oops, compressed class ptrs, g1 gc, windows-amd64)
# No core dump will be written. Minidumps are not enabled by default on client versions of Windows
#

---------------  S U M M A R Y ------------

Command Line: org.jetbrains.kotlin.cli.jvm.K2JVMCompiler @D:\univ\hakaton\TTRavelCompanion\app\build\20240819_9288711319032614403.compiler.options

Host: AMD Ryzen 5 3500U with Radeon Vega Mobile Gfx  , 8 cores, 6G,  Windows 10 , 64 bit Build 19041 (10.0.19041.4717)
Time: Mon Aug 19 21:27:03 2024 RTZ 2 (s 10 , 64 bit Build 19041 (10.0.19041.4717) elapsed time: 0.015073 seconds (0d 0h 0m 0s)

---------------  T H R E A D  ---------------

Current thread (0x000001dd06d30d20):  JavaThread "Unknown thread" [_thread_in_vm, id=23360, stack(0x000000d290f00000,0x000000d291000000)]

Stack: [0x000000d290f00000,0x000000d291000000]
Native frames: (J=compiled Java code, j=interpreted, Vv=VM code, C=native code)
V  [jvm.dll+0x687bb9]
V  [jvm.dll+0x84142a]
V  [jvm.dll+0x8430ae]
V  [jvm.dll+0x843713]
V  [jvm.dll+0x24a35f]
V  [jvm.dll+0x684989]
V  [jvm.dll+0x67923a]
V  [jvm.dll+0x30af0b]
V  [jvm.dll+0x3123b6]
V  [jvm.dll+0x361dfe]
V  [jvm.dll+0x36202f]
V  [jvm.dll+0x2e0d38]
V  [jvm.dll+0x2e1ca4]
V  [jvm.dll+0x811f21]
V  [jvm.dll+0x36fb68]
V  [jvm.dll+0x7f0896]
V  [jvm.dll+0x3f3d2f]
V  [jvm.dll+0x3f58e1]
C  [jli.dll+0x528f]
C  [ucrtbase.dll+0x21bb2]
C  [KERNEL32.DLL+0x17374]
C  [ntdll.dll+0x4cc91]


---------------  P R O C E S S  ---------------

Threads class SMR info:
_java_thread_list=0x00007ffbefb9efd8, length=0, elements={
}

Java Threads: ( => current thread )

Other Threads:
  0x000001dd06d83730 GCTaskThread "GC Thread#0" [stack: 0x000000d291000000,0x000000d291100000] [id=6572]
  0x000001dd06d93490 ConcurrentGCThread "G1 Main Marker" [stack: 0x000000d291100000,0x000000d291200000] [id=12516]
  0x000001dd06d94650 ConcurrentGCThread "G1 Conc#0" [stack: 0x000000d291200000,0x000000d291300000] [id=18548]

[error occurred during error reporting (printing all threads), id 0xc0000005, EXCEPTION_ACCESS_VIOLATION (0xc0000005) at pc=0x00007ffbef351907]

VM state: not at safepoint (not fully initialized)

VM Mutex/Monitor currently owned by a thread:  ([mutex/lock_event])
[0x000001dd06d2c750] Heap_lock - owner thread: 0x000001dd06d30d20

Heap address: 0x0000000091000000, size: 1776 MB, Compressed Oops mode: 32-bit

CDS archive(s) mapped at: [0x0000000000000000-0x0000000000000000-0x0000000000000000), size 0, SharedBaseAddress: 0x0000000800000000, ArchiveRelocationMode: 1.
Narrow klass base: 0x0000000000000000, Narrow klass shift: 0, Narrow klass range: 0x0

GC Precious Log:
<Empty>

Heap:
 garbage-first heap   total 0K, used 0K [0x0000000091000000, 0x0000000100000000)
  region size 1024K, 0 young (0K), 0 survivors (0K)
 Metaspace       used 0K, committed 0K, reserved 0K
  class space    used 0K, committed 0K, reserved 0K

Heap Regions: E=young(eden), S=young(survivor), O=old, HS=humongous(starts), HC=humongous(continues), CS=collection set, F=free, OA=open archive, CA=closed archive, TAMS=top-at-mark-start (previous, next)

Card table byte_map: [0x000001dd198c0000,0x000001dd19c40000] _byte_map_base: 0x000001dd19438000

Marking Bits (Prev, Next): (CMBitMap*) 0x000001dd06d83d50, (CMBitMap*) 0x000001dd06d83d90
 Prev Bits: [0x000001dd19fc0000, 0x000001dd1bb80000)
 Next Bits: [0x000001dd1bb80000, 0x000001dd1d740000)

GC Heap History (0 events):
No events

Dll operation events (1 events):
Event: 0.009 Loaded shared library D:\ProgramFiles\AndroidStudio\jbr\bin\java.dll

Deoptimization events (0 events):
No events

Classes unloaded (0 events):
No events

Classes redefined (0 events):
No events

Internal exceptions (0 events):
No events

VM Operations (0 events):
No events

Events (0 events):
No events


Dynamic libraries:
0x00007ff7abd20000 - 0x00007ff7abd2a000 	D:\ProgramFiles\AndroidStudio\jbr\bin\java.exe
0x00007ffc547b0000 - 0x00007ffc549a8000 	C:\WINDOWS\SYSTEM32\ntdll.dll
0x00007ffc53d60000 - 0x00007ffc53e21000 	C:\WINDOWS\System32\KERNEL32.DLL
0x00007ffc51f80000 - 0x00007ffc5227d000 	C:\WINDOWS\System32\KERNELBASE.dll
0x00007ffc52280000 - 0x00007ffc52380000 	C:\WINDOWS\System32\ucrtbase.dll
0x00007ffc2fd40000 - 0x00007ffc2fd57000 	D:\ProgramFiles\AndroidStudio\jbr\bin\jli.dll
0x00007ffc4a0d0000 - 0x00007ffc4a0eb000 	D:\ProgramFiles\AndroidStudio\jbr\bin\VCRUNTIME140.dll
0x00007ffc532f0000 - 0x00007ffc5348d000 	C:\WINDOWS\System32\USER32.dll
0x00007ffc52380000 - 0x00007ffc523a2000 	C:\WINDOWS\System32\win32u.dll
0x00007ffc3fe50000 - 0x00007ffc400ea000 	C:\WINDOWS\WinSxS\amd64_microsoft.windows.common-controls_6595b64144ccf1df_6.0.19041.4355_none_60b8b9eb71f62e16\COMCTL32.dll
0x00007ffc538d0000 - 0x00007ffc538fb000 	C:\WINDOWS\System32\GDI32.dll
0x00007ffc53750000 - 0x00007ffc537ee000 	C:\WINDOWS\System32\msvcrt.dll
0x00007ffc526c0000 - 0x00007ffc527d7000 	C:\WINDOWS\System32\gdi32full.dll
0x00007ffc51eb0000 - 0x00007ffc51f4d000 	C:\WINDOWS\System32\msvcp_win.dll
0x00007ffc53d30000 - 0x00007ffc53d5f000 	C:\WINDOWS\System32\IMM32.DLL
0x00007ffc38240000 - 0x00007ffc3824c000 	D:\ProgramFiles\AndroidStudio\jbr\bin\vcruntime140_1.dll
0x00007ffc1bdf0000 - 0x00007ffc1be7d000 	D:\ProgramFiles\AndroidStudio\jbr\bin\msvcp140.dll
0x00007ffbef060000 - 0x00007ffbefce3000 	D:\ProgramFiles\AndroidStudio\jbr\bin\server\jvm.dll
0x00007ffc53c20000 - 0x00007ffc53cd0000 	C:\WINDOWS\System32\ADVAPI32.dll
0x00007ffc53900000 - 0x00007ffc539a0000 	C:\WINDOWS\System32\sechost.dll
0x00007ffc535c0000 - 0x00007ffc536e3000 	C:\WINDOWS\System32\RPCRT4.dll
0x00007ffc51f50000 - 0x00007ffc51f77000 	C:\WINDOWS\System32\bcrypt.dll
0x00007ffc51cb0000 - 0x00007ffc51cfb000 	C:\WINDOWS\SYSTEM32\POWRPROF.dll
0x00007ffc460e0000 - 0x00007ffc46107000 	C:\WINDOWS\SYSTEM32\WINMM.dll
0x00007ffc37110000 - 0x00007ffc37119000 	C:\WINDOWS\SYSTEM32\WSOCK32.dll
0x00007ffc53bb0000 - 0x00007ffc53c1b000 	C:\WINDOWS\System32\WS2_32.dll
0x00007ffc4a8e0000 - 0x00007ffc4a8ea000 	C:\WINDOWS\SYSTEM32\VERSION.dll
0x00007ffc51c90000 - 0x00007ffc51ca2000 	C:\WINDOWS\SYSTEM32\UMPDC.dll
0x00007ffc50680000 - 0x00007ffc50692000 	C:\WINDOWS\SYSTEM32\kernel.appcore.dll
0x00007ffc4dc40000 - 0x00007ffc4dc4a000 	D:\ProgramFiles\AndroidStudio\jbr\bin\jimage.dll
0x00007ffc500e0000 - 0x00007ffc502c4000 	C:\WINDOWS\SYSTEM32\DBGHELP.DLL
0x00007ffc3c890000 - 0x00007ffc3c8c4000 	C:\WINDOWS\SYSTEM32\dbgcore.DLL
0x00007ffc52630000 - 0x00007ffc526b2000 	C:\WINDOWS\System32\bcryptPrimitives.dll
0x00007ffc236f0000 - 0x00007ffc23715000 	D:\ProgramFiles\AndroidStudio\jbr\bin\java.dll

dbghelp: loaded successfully - version: 4.0.5 - missing functions: none
symbol engine: initialized successfully - sym options: 0x614 - pdb path: .;D:\ProgramFiles\AndroidStudio\jbr\bin;C:\WINDOWS\SYSTEM32;C:\WINDOWS\WinSxS\amd64_microsoft.windows.common-controls_6595b64144ccf1df_6.0.19041.4355_none_60b8b9eb71f62e16;D:\ProgramFiles\AndroidStudio\jbr\bin\server

VM Arguments:
java_command: org.jetbrains.kotlin.cli.jvm.K2JVMCompiler @D:\univ\hakaton\TTRavelCompanion\app\build\20240819_9288711319032614403.compiler.options
java_class_path (initial): C:\Users\Айгуль Абдуллова\.gradle\caches\modules-2\files-2.1\org.jetbrains.kotlin\kotlin-compiler-embeddable\1.8.10\b0757fd774344d54ce93f5ad6c30ba1c1731c8ff\kotlin-compiler-embeddable-1.8.10.jar;C:\Users\Айгуль Абдуллова\.gradle\caches\modules-2\files-2.1\org.jetbrains.kotlin\kotlin-stdlib\1.8.10\6d5560a229477df9406943d5feda5618e98eb64c\kotlin-stdlib-1.8.10.jar;C:\Users\Айгуль Абдуллова\.gradle\caches\modules-2\files-2.1\org.jetbrains.kotlin\kotlin-script-runtime\1.8.10\b13ea9c7e46d589139e56086a878763290e20bd5\kotlin-script-runtime-1.8.10.jar;C:\Users\Айгуль Абдуллова\.gradle\caches\modules-2\files-2.1\org.jetbrains.kotlin\kotlin-reflect\1.6.10\1cbe9c92c12a94eea200d23c2bbaedaf3daf5132\kotlin-reflect-1.6.10.jar;C:\Users\Айгуль Абдуллова\.gradle\caches\modules-2\files-2.1\org.jetbrains.kotlin\kotlin-daemon-embeddable\1.8.10\ad8541d9bc1cf9e52c3204161247910c2cf601d4\kotlin-daemon-embeddable-1.8.10.jar;C:\Users\Айгуль Абдуллова\.gradle\caches\modules-2\files-2.1\org.jetbrains.intellij.deps\trove4j\1.0.20200330\3afb14d5f9ceb459d724e907a21145e8ff394f02\trove4j-1.0.20200330.jar;C:\Users\Айгуль Абдуллова\.gradle\caches\modules-2\files-2.1\net.java.dev.jna\jna\5.6.0\330f2244e9030119ab3030fc3fededc86713d9cc\jna-5.6.0.jar;C:\Users\Айгуль Абдуллова\.gradle\caches\modules-2\files-2.1\org.jetbrains.kotlin\kotlin-stdlib-common\1.8.10\a61b182458550492c12aee66157d7b524a63a5ec\kotlin-stdlib-common-1.8.10.jar;C:\Users\Айгуль Абдуллова\.gradle\caches\modules-2\files-2.1\org.jetbrains\annotations\13.0\919f0dfe192fb4e063e7dacadee7f8bb9a2672a9\annotations-13.0.jar
Launcher Type: SUN_STANDARD

[Global flags]
     intx CICompilerCount                          = 4                                         {product} {ergonomic}
     uint ConcGCThreads                            = 2                                         {product} {ergonomic}
     uint G1ConcRefinementThreads                  = 8                                         {product} {ergonomic}
   size_t G1HeapRegionSize                         = 1048576                                   {product} {ergonomic}
    uintx GCDrainStackTargetSize                   = 64                                        {product} {ergonomic}
   size_t InitialHeapSize                          = 117440512                                 {product} {ergonomic}
   size_t MarkStackSize                            = 4194304                                   {product} {ergonomic}
   size_t MaxHeapSize                              = 1862270976                                {product} {ergonomic}
   size_t MinHeapDeltaBytes                        = 1048576                                   {product} {ergonomic}
   size_t MinHeapSize                              = 8388608                                   {product} {ergonomic}
    uintx NonNMethodCodeHeapSize                   = 5839372                                {pd product} {ergonomic}
    uintx NonProfiledCodeHeapSize                  = 122909434                              {pd product} {ergonomic}
    uintx ProfiledCodeHeapSize                     = 122909434                              {pd product} {ergonomic}
    uintx ReservedCodeCacheSize                    = 251658240                              {pd product} {ergonomic}
     bool SegmentedCodeCache                       = true                                      {product} {ergonomic}
   size_t SoftMaxHeapSize                          = 1862270976                             {manageable} {ergonomic}
     bool UseCompressedClassPointers               = true                           {product lp64_product} {ergonomic}
     bool UseCompressedOops                        = true                           {product lp64_product} {ergonomic}
     bool UseG1GC                                  = true                                      {product} {ergonomic}
     bool UseLargePagesIndividualAllocation        = false                                  {pd product} {ergonomic}

Logging:
Log output configuration:
 #0: stdout all=warning uptime,level,tags
 #1: stderr all=off uptime,level,tags

Environment Variables:
PATH=C:\Program Files\Common Files\Oracle\Java\javapath;C:\WINDOWS\system32;C:\WINDOWS;C:\WINDOWS\System32\Wbem;C:\WINDOWS\System32\WindowsPowerShell\v1.0\;C:\WINDOWS\System32\OpenSSH\;C:\Program Files\Git\cmd;C:\Program Files\Docker\Docker\resources\bin;D:\ProgramFiles\Python\Scripts\;D:\ProgramFiles\Python\;C:\Users\Айгуль Абдуллова\AppData\Local\Programs\Python\Launcher\;C:\Users\Айгуль Абдуллова\AppData\Local\Microsoft\WindowsApps;D:\ProgramFiles\Microsoft VS Code\bin
USERNAME=Айгуль Абдуллова
OS=Windows_NT
PROCESSOR_IDENTIFIER=AMD64 Family 23 Model 24 Stepping 1, AuthenticAMD
TMP=C:\Users\95CD~1\AppData\Local\Temp
TEMP=C:\Users\95CD~1\AppData\Local\Temp



Periodic native trim disabled

JNI global refs:
JNI global refs: 0, weak refs: 0

JNI global refs memory usage: 0, weak refs: 0

Process memory usage:
Resident Set Size: 10844K (0% of 7274124K total physical memory with 358128K free physical memory)

OOME stack traces (most recent first):
Classloader memory used:


---------------  S Y S T E M  ---------------

OS:
 Windows 10 , 64 bit Build 19041 (10.0.19041.4717)
OS uptime: 0 days 21:12 hours
Hyper-V role detected

CPU: total 8 (initial active 8) (8 cores per cpu, 2 threads per core) family 23 model 24 stepping 1 microcode 0x0, cx8, cmov, fxsr, ht, mmx, 3dnowpref, sse, sse2, sse3, ssse3, sse4a, sse4.1, sse4.2, popcnt, lzcnt, tsc, tscinvbit, avx, avx2, aes, clmul, bmi1, bmi2, adx, sha, fma, vzeroupper, clflush, clflushopt, hv
Processor Information for all 8 processors :
  Max Mhz: 2100, Current Mhz: 2100, Mhz Limit: 2100

Memory: 4k page, system-wide physical 7103M (349M free)
TotalPageFile size 17343M (AvailPageFile size 113M)
current process WorkingSet (physical memory assigned to process): 10M, peak: 10M
current process commit charge ("private bytes"): 60M, peak: 172M

vm_info: OpenJDK 64-Bit Server VM (17.0.11+0--11852314) for windows-amd64 JRE (17.0.11+0--11852314), built on May 16 2024 21:29:20 by "androidbuild" with MS VC++ 16.10 / 16.11 (VS2019)

END.
